<?xml version="1.0" encoding="UTF-8"?>
<testsuite name="DemoExamples" tests="1" skipped="0" failures="0" errors="0" timestamp="2020-01-13T07:42:30" hostname="admin1-desktop" time="14.564">
  <properties/>
  <testcase name="VerifyhomepageUsingUniqueElement" classname="DemoExamples" time="14.564"/>
  <system-out><![CDATA[Home page unique
]]></system-out>
  <system-err><![CDATA[Starting ChromeDriver 79.0.3945.36 (3582db32b33893869b8c1339e8f4d9ed1816f143-refs/branch-heads/3945@{#614}) on port 4702
Only local connections are allowed.
Please protect ports used by ChromeDriver and related test frameworks to prevent access by malicious code.
Jan 13, 2020 1:12:31 PM org.openqa.selenium.remote.ProtocolHandshake createSession
INFO: Detected dialect: W3C
]]></system-err>
</testsuite>
